<?xml version="1.0" encoding="UTF-8"?>
<testsuite xmlns:xsi="http://www.w3.org/2001/XMLSchema-instance" xsi:noNamespaceSchemaLocation="https://maven.apache.org/surefire/maven-surefire-plugin/xsd/surefire-test-report-3.0.xsd" version="3.0" name="com.example.StripePayment.StripePaymentApplicationTests" time="5.805" tests="1" errors="0" skipped="0" failures="0">
  <properties>
[...]
</properties>
  <testcase name="contextLoads" classname="com.example.StripePayment.StripePaymentApplicationTests" time="1.662">
    <system-out><![CDATA[13:54:11.782 [main] INFO org.springframework.test.context.support.AnnotationConfigContextLoaderUtils -- Could not detect default configuration classes for test class [com.example.StripePayment.StripePaymentApplicationTests]: StripePaymentApplicationTests does not declare any static, non-private, non-final, nested classes annotated with @Configuration.
13:54:11.946 [main] INFO org.springframework.boot.test.context.SpringBootTestContextBootstrapper -- Found @SpringBootConfiguration com.example.StripePayment.StripePaymentApplication for test class com.example.StripePayment.StripePaymentApplicationTests

  .   ____          _            __ _ _
 /\\ / ___'_ __ _ _(_)_ __  __ _ \ \ \ \
( ( )\___ | '_ | '_| | '_ \/ _` | \ \ \ \
 \\/  ___)| |_)| | | | | || (_| |  ) ) ) )
  '  |____| .__|_| |_|_| |_\__, | / / / /
 =========|_|==============|___/=/_/_/_/
 :: Spring Boot ::                (v3.1.2)

2025-02-22T13:54:12.867+05:30  INFO 34484 --- [           main] c.e.S.StripePaymentApplicationTests      : Starting StripePaymentApplicationTests using Java 17.0.14 with PID 34484 (started by nikjoehep in D:\NIKSON\backend\StripePayment)
2025-02-22T13:54:12.870+05:30  INFO 34484 --- [           main] c.e.S.StripePaymentApplicationTests      : No active profile set, falling back to 1 default profile: "default"
2025-02-22T13:54:15.321+05:30  INFO 34484 --- [           main] c.e.S.StripePaymentApplicationTests      : Started StripePaymentApplicationTests in 3.061 seconds (process running for 5.082)
]]></system-out>
  </testcase>
</testsuite>